
> namethattune@1.0.0 dev
> run-p dev:server dev:client


> namethattune@1.0.0 dev:server
> nodemon server.js


> namethattune@1.0.0 dev:client
> cd client && npm start

[33m[nodemon] 3.1.14[39m
[33m[nodemon] to restart at any time, enter `rs`[39m
[33m[nodemon] watching path(s): *.*[39m
[33m[nodemon] watching extensions: js,mjs,cjs,json[39m
[32m[nodemon] starting `node server.js`[39m

> client@0.1.0 start
> react-scripts start

Server listening on port 8080
(node:5775) [DEP_WEBPACK_DEV_SERVER_ON_AFTER_SETUP_MIDDLEWARE] DeprecationWarning: 'onAfterSetupMiddleware' option is deprecated. Please use the 'setupMiddlewares' option.
(Use `node --trace-deprecation ...` to show where the warning was created)
(node:5775) [DEP_WEBPACK_DEV_SERVER_ON_BEFORE_SETUP_MIDDLEWARE] DeprecationWarning: 'onBeforeSetupMiddleware' option is deprecated. Please use the 'setupMiddlewares' option.
Starting the development server...

Compiled with warnings.

[eslint]
src/components/Game.js
  Line 46:12:  'isDebug' is assigned a value but never used                                                                       no-unused-vars
  Line 49:12:  'scale' is assigned a value but never used                                                                         no-unused-vars
  Line 112:8:  React Hook useEffect has a missing dependency: 'guesses.length'. Either include it or remove the dependency array  react-hooks/exhaustive-deps
  Line 187:8:  React Hook useEffect has a missing dependency: 'gameState'. Either include it or remove the dependency array       react-hooks/exhaustive-deps

Search for the keywords to learn more about each warning.
To ignore, add // eslint-disable-next-line to the line before.

WARNING in [eslint]
src/components/Game.js
  Line 46:12:  'isDebug' is assigned a value but never used                                                                       no-unused-vars
  Line 49:12:  'scale' is assigned a value but never used                                                                         no-unused-vars
  Line 112:8:  React Hook useEffect has a missing dependency: 'guesses.length'. Either include it or remove the dependency array  react-hooks/exhaustive-deps
  Line 187:8:  React Hook useEffect has a missing dependency: 'gameState'. Either include it or remove the dependency array       react-hooks/exhaustive-deps

webpack compiled with 1 warning
[32m[nodemon] restarting due to changes...[39m
Compiling...
[32m[nodemon] starting `node server.js`[39m
Server listening on port 8080
Compiled with warnings.

[eslint]
src/components/Game.js
  Line 46:12:  'isDebug' is assigned a value but never used                                                                       no-unused-vars
  Line 49:12:  'scale' is assigned a value but never used                                                                         no-unused-vars
  Line 112:8:  React Hook useEffect has a missing dependency: 'guesses.length'. Either include it or remove the dependency array  react-hooks/exhaustive-deps
  Line 187:8:  React Hook useEffect has a missing dependency: 'gameState'. Either include it or remove the dependency array       react-hooks/exhaustive-deps

Search for the keywords to learn more about each warning.
To ignore, add // eslint-disable-next-line to the line before.

WARNING in [eslint]
src/components/Game.js
  Line 46:12:  'isDebug' is assigned a value but never used                                                                       no-unused-vars
  Line 49:12:  'scale' is assigned a value but never used                                                                         no-unused-vars
  Line 112:8:  React Hook useEffect has a missing dependency: 'guesses.length'. Either include it or remove the dependency array  react-hooks/exhaustive-deps
  Line 187:8:  React Hook useEffect has a missing dependency: 'gameState'. Either include it or remove the dependency array       react-hooks/exhaustive-deps

webpack compiled with 1 warning
